hbmk2: Linking... poshmg.exe
.hbmk/win/mingw/RUMUS.o:RUMUS.c:(.text+0x500): multiple definition of `HB_FUN_NNETLOGGED'
.hbmk/win/mingw/R1.o:R1.c:(.text+0x60): first defined here
.hbmk/win/mingw/RUMUS.o:RUMUS.c:(.text+0x600): multiple definition of `HB_FUN_OPENDRW'
.hbmk/win/mingw/OPEN_DRW.o:OPEN_DRW.c:(.text+0x0): first defined here
.hbmk/win/mingw/STDFUNC.o:STDFUNC.c:(.text+0x0): multiple definition of `HB_FUN_STDFUNC'
.hbmk/win/mingw/STDAMT.o:STDAMT.c:(.text+0x0): first defined here
C:/hmg.3.4.3/lib/libhmg.a(ErrorSys.o):ErrorSys.c:(.text+0x40): multiple definition of `HB_FUN_ERRORSYS'
.hbmk/win/mingw/ERRORSYS.o:ERRORSYS.c:(.text+0x40): first defined here
C:/hmg.3.4.3/harbour/lib/win/mingw/libhbrtl.a(getsys.o):getsys.c:(.text+0xe60): multiple definition of `HB_FUN_READKILL'
.hbmk/win/mingw/Main.o:Main.c:(.text+0x80): first defined here
C:/hmg.3.4.3/harbour/lib/win/mingw/libhbrtl.a(tget.o):tget.c:(.text+0x122b0): multiple definition of `HB_FUN_GET'
.hbmk/win/mingw/MCR.o:MCR.c:(.text+0x20): first defined here
.hbmk/win/mingw/Main.o:Main.c:(.data+0xa8): undefined reference to `HB_FUN_LOCK_ON'
.hbmk/win/mingw/Main.o:Main.c:(.data+0x628): undefined reference to `HB_FUN_LOADFONT'
.hbmk/win/mingw/Main.o:Main.c:(.data+0x708): undefined reference to `HB_FUN_FONTLOAD'
.hbmk/win/mingw/Main.o:Main.c:(.data+0x718): undefined reference to `HB_FUN_FONTSELECT'
.hbmk/win/mingw/Main.o:Main.c:(.data+0xa18): undefined reference to `HB_FUN_WMENUSET'
.hbmk/win/mingw/Main.o:Main.c:(.data+0xac8): undefined reference to `HB_FUN_NETUSE'
.hbmk/win/mingw/Main.o:Main.c:(.data+0xdb8): undefined reference to `HB_FUN_KEYLOCK'
.hbmk/win/mingw/Main.o:Main.c:(.data+0xfa8): undefined reference to `HB_FUN_RECLOCK'
.hbmk/win/mingw/ALVFUNC.o:ALVFUNC.c:(.data+0xf8): undefined reference to `HB_FUN_RECLOCK'
.hbmk/win/mingw/AMTFUNC.o:AMTFUNC.c:(.data+0x1c8): undefined reference to `HB_FUN_RECLOCK'
.hbmk/win/mingw/CASHFUNC.o:CASHFUNC.c:(.data+0x2a8): undefined reference to `HB_FUN_ADDREC'
.hbmk/win/mingw/CASHFUNC.o:CASHFUNC.c:(.data+0x428): undefined reference to `HB_FUN_RECLOCK'
.hbmk/win/mingw/CASHFUNC.o:CASHFUNC.c:(.data+0x828): undefined reference to `HB_FUN_INBYTE'
.hbmk/win/mingw/CASHIER.o:CASHIER.c:(.data+0x68): undefined reference to `HB_FUN_NETUSE'
.hbmk/win/mingw/CASHIER.o:CASHIER.c:(.data+0x228): undefined reference to `HB_FUN_TLIGHT'
.hbmk/win/mingw/CASHIER.o:CASHIER.c:(.data+0x278): undefined reference to `HB_FUN_MUTER'
.hbmk/win/mingw/CASHIER.o:CASHIER.c:(.data+0x2d8): undefined reference to `HB_FUN_TKEY'
.hbmk/win/mingw/CASHIER.o:CASHIER.c:(.data+0x2f8): undefined reference to `HB_FUN_RECLOCK'
.hbmk/win/mingw/CASHIER.o:CASHIER.c:(.data+0x458): undefined reference to `HB_FUN_ADDREC'
.hbmk/win/mingw/CLASS.o:CLASS.c:(.data+0xb8): undefined reference to `HB_FUN_NETUSE'
.hbmk/win/mingw/CLASS.o:CLASS.c:(.data+0x2c8): undefined reference to `HB_FUN_TLIGHT'
.hbmk/win/mingw/CLASS.o:CLASS.c:(.data+0x318): undefined reference to `HB_FUN_MUTER'
.hbmk/win/mingw/CLASS.o:CLASS.c:(.data+0x378): undefined reference to `HB_FUN_TKEY'
.hbmk/win/mingw/CLASS.o:CLASS.c:(.data+0x3b8): undefined reference to `HB_FUN_RECLOCK'
.hbmk/win/mingw/CLASS.o:CLASS.c:(.data+0x6d8): undefined reference to `HB_FUN_ADDREC'
.hbmk/win/mingw/CRCFUNC.o:CRCFUNC.c:(.data+0xb8): undefined reference to `HB_FUN_RECLOCK'
.hbmk/win/mingw/CUSTOMER.o:CUSTOMER.c:(.data+0x498): undefined reference to `HB_FUN_RECLOCK'
.hbmk/win/mingw/CUSTOMER.o:CUSTOMER.c:(.data+0x958): undefined reference to `HB_FUN_ADDREC'
.hbmk/win/mingw/DA1FUNC.o:DA1FUNC.c:(.data+0x238): undefined reference to `HB_FUN_ADDREC'
.hbmk/win/mingw/DATAM.o:DATAM.c:(.data+0x88): undefined reference to `HB_FUN_WOGROW'
.hbmk/win/mingw/DATAM.o:DATAM.c:(.data+0x218): undefined reference to `HB_FUN_MUTER'
.hbmk/win/mingw/DATAM.o:DATAM.c:(.data+0x2c8): undefined reference to `HB_FUN_TKEY'
.hbmk/win/mingw/DLL.o:DLL.c:(.data+0x68): undefined reference to `HB_FUN_NETUSE'
.hbmk/win/mingw/DLL.o:DLL.c:(.data+0x2e8): undefined reference to `HB_FUN_TLIGHT'
.hbmk/win/mingw/DLL.o:DLL.c:(.data+0x368): undefined reference to `HB_FUN_MUTER'
.hbmk/win/mingw/DLL.o:DLL.c:(.data+0x3b8): undefined reference to `HB_FUN_TKEY'
.hbmk/win/mingw/DLL.o:DLL.c:(.data+0x3c8): undefined reference to `HB_FUN_RECLOCK'
.hbmk/win/mingw/DP1FUNC.o:DP1FUNC.c:(.data+0x238): undefined reference to `HB_FUN_ADDREC'
.hbmk/win/mingw/ENTRY.o:ENTRY.c:(.data+0x558): undefined reference to `HB_FUN_INBYTE'
.hbmk/win/mingw/ENTRY.o:ENTRY.c:(.data+0x708): undefined reference to `HB_FUN_RECLOCK'
.hbmk/win/mingw/ENTRY.o:ENTRY.c:(.data+0xd18): undefined reference to `HB_FUN_FILLOCK'
.hbmk/win/mingw/EODFUNC.o:EODFUNC.c:(.data+0x398): undefined reference to `HB_FUN_ADDREC'
.hbmk/win/mingw/EODFUNC.o:EODFUNC.c:(.data+0x4f8): undefined reference to `HB_FUN_RECLOCK'
.hbmk/win/mingw/FAKTUR.o:FAKTUR.c:(.data+0x4a8): undefined reference to `HB_FUN_ADDREC'
.hbmk/win/mingw/GROUP.o:GROUP.c:(.data+0xb8): undefined reference to `HB_FUN_NETUSE'
.hbmk/win/mingw/GROUP.o:GROUP.c:(.data+0x2a8): undefined reference to `HB_FUN_TLIGHT'
.hbmk/win/mingw/GROUP.o:GROUP.c:(.data+0x2f8): undefined reference to `HB_FUN_MUTER'
.hbmk/win/mingw/GROUP.o:GROUP.c:(.data+0x358): undefined reference to `HB_FUN_TKEY'
.hbmk/win/mingw/GROUP.o:GROUP.c:(.data+0x3b8): undefined reference to `HB_FUN_RECLOCK'
.hbmk/win/mingw/GROUP.o:GROUP.c:(.data+0x6e8): undefined reference to `HB_FUN_ADDREC'
.hbmk/win/mingw/LABELPRN.o:LABELPRN.c:(.data+0x1c8): undefined reference to `HB_FUN_NETUSE'
.hbmk/win/mingw/LABELPRN.o:LABELPRN.c:(.data+0x408): undefined reference to `HB_FUN_RECLOCK'
.hbmk/win/mingw/LABELPRN.o:LABELPRN.c:(.data+0x418): undefined reference to `HB_FUN_ADDREC'
.hbmk/win/mingw/LKPFUNC.o:LKPFUNC.c:(.data+0x2b8): undefined reference to `HB_FUN_TLIGHT'
.hbmk/win/mingw/LKPFUNC.o:LKPFUNC.c:(.data+0x2e8): undefined reference to `HB_FUN_MUTER'
.hbmk/win/mingw/MCR.o:MCR.c:(.data+0x188): undefined reference to `HB_FUN_C_R_ON'
.hbmk/win/mingw/MCR.o:MCR.c:(.data+0x248): undefined reference to `HB_FUN_C_R_OFF'
.hbmk/win/mingw/MENU1.o:MENU1.c:(.data+0x1e8): undefined reference to `HB_FUN_TABNEW'
.hbmk/win/mingw/MENU1.o:MENU1.c:(.data+0x1f8): undefined reference to `HB_FUN_TABDISPLAY'
.hbmk/win/mingw/MENU1.o:MENU1.c:(.data+0x208): undefined reference to `HB_FUN_TABUPDATE'
.hbmk/win/mingw/MENU2.o:MENU2.c:(.data+0x208): undefined reference to `HB_FUN_TABNEW'
.hbmk/win/mingw/MENU2.o:MENU2.c:(.data+0x218): undefined reference to `HB_FUN_TABDISPLAY'
.hbmk/win/mingw/MENU2.o:MENU2.c:(.data+0x228): undefined reference to `HB_FUN_TABUPDATE'
.hbmk/win/mingw/MENU3.o:MENU3.c:(.data+0x208): undefined reference to `HB_FUN_TABNEW'
.hbmk/win/mingw/MENU3.o:MENU3.c:(.data+0x218): undefined reference to `HB_FUN_TABDISPLAY'
.hbmk/win/mingw/MENU3.o:MENU3.c:(.data+0x228): undefined reference to `HB_FUN_TABUPDATE'
.hbmk/win/mingw/NOSFUNC.o:NOSFUNC.c:(.data+0x78): undefined reference to `HB_FUN_ADDREC'
.hbmk/win/mingw/NOSFUNC.o:NOSFUNC.c:(.data+0x178): undefined reference to `HB_FUN_RECLOCK'
.hbmk/win/mingw/PARA.o:PARA.c:(.data+0xf8): undefined reference to `HB_FUN_NETUSE'
.hbmk/win/mingw/PARA.o:PARA.c:(.data+0x538): undefined reference to `HB_FUN_RECLOCK'
.hbmk/win/mingw/PCGFUNC.o:PCGFUNC.c:(.data+0x188): undefined reference to `HB_FUN_ADDREC'
.hbmk/win/mingw/PDEPT18.o:PDEPT18.c:(.data+0x348): undefined reference to `HB_FUN_MUTER'
.hbmk/win/mingw/PGROUP18.o:PGROUP18.c:(.data+0x338): undefined reference to `HB_FUN_MUTER'
.hbmk/win/mingw/PGROUP28.o:PGROUP28.c:(.data+0x3f8): undefined reference to `HB_FUN_MUTER'
.hbmk/win/mingw/PL1FUNC.o:PL1FUNC.c:(.data+0x288): undefined reference to `HB_FUN_RECLOCK'
.hbmk/win/mingw/PL1FUNC.o:PL1FUNC.c:(.data+0x2e8): undefined reference to `HB_FUN_ADDREC'
.hbmk/win/mingw/PL2FUNC.o:PL2FUNC.c:(.data+0x278): undefined reference to `HB_FUN_RECLOCK'
.hbmk/win/mingw/PL2FUNC.o:PL2FUNC.c:(.data+0x2d8): undefined reference to `HB_FUN_ADDREC'
.hbmk/win/mingw/PLUFUNC.o:PLUFUNC.c:(.data+0x2d8): undefined reference to `HB_FUN_RECLOCK'
.hbmk/win/mingw/PLUFUNC.o:PLUFUNC.c:(.data+0x338): undefined reference to `HB_FUN_ADDREC'
.hbmk/win/mingw/POFUNC.o:POFUNC.c:(.data+0x258): undefined reference to `HB_FUN_ADDREC'
.hbmk/win/mingw/PPLUK18.o:PPLUK18.c:(.data+0x258): undefined reference to `HB_FUN_MUTER'
.hbmk/win/mingw/PRDMF.o:PRDMF.c:(.data+0x268): undefined reference to `HB_FUN_NETUSE'
.hbmk/win/mingw/PRDMF.o:PRDMF.c:(.data+0x4c8): undefined reference to `HB_FUN_RECLOCK'
.hbmk/win/mingw/PRDMF.o:PRDMF.c:(.data+0x868): undefined reference to `HB_FUN_ADDREC'
.hbmk/win/mingw/PROMOSI.o:PROMOSI.c:(.data+0x68): undefined reference to `HB_FUN_NETUSE'
.hbmk/win/mingw/PROMOSI.o:PROMOSI.c:(.data+0x208): undefined reference to `HB_FUN_TLIGHT'
.hbmk/win/mingw/PROMOSI.o:PROMOSI.c:(.data+0x2e8): undefined reference to `HB_FUN_MUTER'
.hbmk/win/mingw/PROMOSI.o:PROMOSI.c:(.data+0x348): undefined reference to `HB_FUN_TKEY'
.hbmk/win/mingw/PROMOSI.o:PROMOSI.c:(.data+0x448): undefined reference to `HB_FUN_ADDREC'
.hbmk/win/mingw/PROMOSI.o:PROMOSI.c:(.data+0x458): undefined reference to `HB_FUN_RECLOCK'
.hbmk/win/mingw/RAFUNC.o:RAFUNC.c:(.data+0x258): undefined reference to `HB_FUN_ADDREC'
.hbmk/win/mingw/REINDEX.o:REINDEX.c:(.data+0x78): undefined reference to `HB_FUN_NETUSE'
.hbmk/win/mingw/RESTTRF.o:RESTTRF.c:(.data+0x68): undefined reference to `HB_FUN_NETUSE'
.hbmk/win/mingw/RESTTRF.o:RESTTRF.c:(.data+0x4b8): undefined reference to `HB_FUN_RECLOCK'
.hbmk/win/mingw/RESTTRF.o:RESTTRF.c:(.data+0x4f8): undefined reference to `HB_FUN_ADDREC'
.hbmk/win/mingw/RPCLAS1.o:RPCLAS1.c:(.data+0x388): undefined reference to `HB_FUN_MUTER'
.hbmk/win/mingw/RPCLAS2.o:RPCLAS2.c:(.data+0x458): undefined reference to `HB_FUN_MUTER'
.hbmk/win/mingw/RPDEPT1.o:RPDEPT1.c:(.data+0x3a8): undefined reference to `HB_FUN_MUTER'
.hbmk/win/mingw/RPDEPT1.o:RPDEPT1.c:(.data+0x478): undefined reference to `HB_FUN_TXTCLOSE'
.hbmk/win/mingw/RPDEPT1.o:RPDEPT1.c:(.data+0x488): undefined reference to `HB_FUN_TXTVIEW'
.hbmk/win/mingw/RPDEPT1.o:RPDEPT1.c:(.data+0x498): undefined reference to `HB_FUN_TXTOPEN'
.hbmk/win/mingw/RPDEPT2.o:RPDEPT2.c:(.data+0x478): undefined reference to `HB_FUN_MUTER'
.hbmk/win/mingw/RPDEPT28.o:RPDEPT28.c:(.data+0x448): undefined reference to `HB_FUN_MUTER'
.hbmk/win/mingw/RPGRP1.o:RPGRP1.c:(.data+0x398): undefined reference to `HB_FUN_MUTER'
.hbmk/win/mingw/RPGRP2.o:RPGRP2.c:(.data+0x468): undefined reference to `HB_FUN_MUTER'
.hbmk/win/mingw/RPLU1.o:RPLU1.c:(.data+0x3c8): undefined reference to `HB_FUN_MUTER'
.hbmk/win/mingw/RPLU2.o:RPLU2.c:(.data+0x408): more undefined references to `HB_FUN_MUTER' follow
.hbmk/win/mingw/RUMUS.o:RUMUS.c:(.data+0x598): undefined reference to `HB_FUN_DISKREADYW'
.hbmk/win/mingw/RUMUS.o:RUMUS.c:(.data+0x5b8): undefined reference to `HB_FUN_DISKFREE'
.hbmk/win/mingw/RUMUS.o:RUMUS.c:(.data+0x5e8): undefined reference to `HB_FUN_ADDREC'
.hbmk/win/mingw/RUMUS.o:RUMUS.c:(.data+0x6c8): undefined reference to `HB_FUN_RECLOCK'
.hbmk/win/mingw/RUMUS.o:RUMUS.c:(.data+0xb68): undefined reference to `HB_FUN_DISKREADY'
.hbmk/win/mingw/RUMUS.o:RUMUS.c:(.data+0xc08): undefined reference to `HB_FUN_DISPKOTAK'
.hbmk/win/mingw/RUMUS.o:RUMUS.c:(.data+0x11d8): undefined reference to `HB_FUN_OUTBYTE'
.hbmk/win/mingw/RUMUS.o:RUMUS.c:(.data+0x1348): undefined reference to `HB_FUN_DISKSERNUM'
.hbmk/win/mingw/RUMUS.o:RUMUS.c:(.data+0x1358): undefined reference to `HB_FUN_SCRAMBLE'
.hbmk/win/mingw/RUMUS.o:RUMUS.c:(.data+0x1428): undefined reference to `HB_FUN_DIRCREATE'
.hbmk/win/mingw/R_ALL.o:R_ALL.c:(.data+0x278): undefined reference to `HB_FUN_MUTER'
.hbmk/win/mingw/R_C.o:R_C.c:(.data+0x248): undefined reference to `HB_FUN_MUTER'
.hbmk/win/mingw/R_C18.o:R_C18.c:(.data+0x248): undefined reference to `HB_FUN_MUTER'
.hbmk/win/mingw/R_F.o:R_F.c:(.data+0x248): undefined reference to `HB_FUN_MUTER'
.hbmk/win/mingw/R_F18.o:R_F18.c:(.data+0x2f8): undefined reference to `HB_FUN_MUTER'
.hbmk/win/mingw/R_H.o:R_H.c:(.data+0x218): more undefined references to `HB_FUN_MUTER' follow
.hbmk/win/mingw/SALES.o:SALES.c:(.data+0x68): undefined reference to `HB_FUN_NETUSE'
.hbmk/win/mingw/SALES.o:SALES.c:(.data+0x248): undefined reference to `HB_FUN_TLIGHT'
.hbmk/win/mingw/SALES.o:SALES.c:(.data+0x298): undefined reference to `HB_FUN_MUTER'
.hbmk/win/mingw/SALES.o:SALES.c:(.data+0x2f8): undefined reference to `HB_FUN_TKEY'
.hbmk/win/mingw/SALES.o:SALES.c:(.data+0x318): undefined reference to `HB_FUN_RECLOCK'
.hbmk/win/mingw/SALES.o:SALES.c:(.data+0x478): undefined reference to `HB_FUN_ADDREC'
.hbmk/win/mingw/SCANKEY.o:SCANKEY.c:(.data+0x188): undefined reference to `HB_FUN_RECLOCK'
.hbmk/win/mingw/SFKC.o:SFKC.c:(.data+0x578): undefined reference to `HB_FUN_NETUSE'
.hbmk/win/mingw/STDAMT.o:STDAMT.c:(.data+0x178): undefined reference to `HB_FUN_ADDREC'
.hbmk/win/mingw/STDFUNC.o:STDFUNC.c:(.data+0x188): undefined reference to `HB_FUN_ADDREC'
.hbmk/win/mingw/STDRIM.o:STDRIM.c:(.data+0x198): undefined reference to `HB_FUN_ADDREC'
.hbmk/win/mingw/STL.o:STL.c:(.data+0x78): undefined reference to `HB_FUN_NETUSE'
.hbmk/win/mingw/STL.o:STL.c:(.data+0x3b8): undefined reference to `HB_FUN_RECLOCK'
.hbmk/win/mingw/STOCKCRD.o:STOCKCRD.c:(.data+0x228): undefined reference to `HB_FUN_NETUSE'
.hbmk/win/mingw/STOCKCRD.o:STOCKCRD.c:(.data+0x398): undefined reference to `HB_FUN_CENTERIN'
.hbmk/win/mingw/STOCKCRD.o:STOCKCRD.c:(.data+0x768): undefined reference to `HB_FUN_ADDREC'
.hbmk/win/mingw/TAXFUNC.o:TAXFUNC.c:(.data+0x1f8): undefined reference to `HB_FUN_ADDREC'
.hbmk/win/mingw/XMENU.o:XMENU.c:(.data+0x1d8): undefined reference to `HB_FUN_BULAN'
.hbmk/win/mingw/XMENU.o:XMENU.c:(.data+0x5d8): undefined reference to `HB_FUN_NETUSE'
.hbmk/win/mingw/XMENU.o:XMENU.c:(.data+0x658): undefined reference to `HB_FUN_CHGMENUS'
.hbmk/win/mingw/XMENU.o:XMENU.c:(.data+0x7d8): undefined reference to `HB_FUN_TDIR'
.hbmk/win/mingw/XMENU.o:XMENU.c:(.data+0x848): undefined reference to `HB_FUN_MUTER'
.hbmk/win/mingw/XMENU.o:XMENU.c:(.data+0x878): undefined reference to `HB_FUN_RECLOCK'
.hbmk/win/mingw/XMENU.o:XMENU.c:(.data+0x898): undefined reference to `HB_FUN_ADDREC'
.hbmk/win/mingw/XMENU.o:XMENU.c:(.data+0x918): undefined reference to `HB_FUN_WOGROW'
.hbmk/win/mingw/XMENU.o:XMENU.c:(.data+0x1048): undefined reference to `HB_FUN_ALTKEY'
.hbmk/win/mingw/XREF.o:XREF.c:(.data+0x98): undefined reference to `HB_FUN_NETUSE'
.hbmk/win/mingw/XREF.o:XREF.c:(.data+0x288): undefined reference to `HB_FUN_TLIGHT'
.hbmk/win/mingw/XREF.o:XREF.c:(.data+0x2d8): undefined reference to `HB_FUN_MUTER'
.hbmk/win/mingw/XREF.o:XREF.c:(.data+0x338): undefined reference to `HB_FUN_TKEY'
.hbmk/win/mingw/XREF.o:XREF.c:(.data+0x378): undefined reference to `HB_FUN_RECLOCK'
.hbmk/win/mingw/XREF.o:XREF.c:(.data+0x568): undefined reference to `HB_FUN_ADDREC'
collect2.exe: error: ld returned 1 exit status
hbmk2[poshmg]: Error: Running linker. 1
gcc.exe .hbmk/win/mingw/Main.o .hbmk/win/mingw/ALVFUNC.o .hbmk/win/mingw/AMTFUNC.o .hbmk/win/mingw/AUTOKEY.o .hbmk/win/mingw/BACKU.o .hbmk/win/mingw/BSPFUNC.o .hbmk/win/mingw/CASHFUNC.o .hbmk/win/mingw/CASHIER.o .hbmk/win/mingw/CLASS.o .hbmk/win/mingw/CLSFUNC.o .hbmk/win/mingw/CPCOPY.o .hbmk/win/mingw/CRCFUNC.o .hbmk/win/mingw/CRDFUNC.o .hbmk/win/mingw/CUSFUNC.o .hbmk/win/mingw/CUSTOMER.o .hbmk/win/mingw/DA1FUNC.o .hbmk/win/mingw/DATAM.o .hbmk/win/mingw/DLL.o .hbmk/win/mingw/DP1FUNC.o .hbmk/win/mingw/EKMFUNC.o .hbmk/win/mingw/ENTRY.o .hbmk/win/mingw/EODFUNC.o .hbmk/win/mingw/ERRORSYS.o .hbmk/win/mingw/FAKTUR.o .hbmk/win/mingw/FEDFUNC.o .hbmk/win/mingw/GROUP.o .hbmk/win/mingw/HAPUS.o .hbmk/win/mingw/HLDFUNC.o .hbmk/win/mingw/JINFAK.o .hbmk/win/mingw/LABELPRN.o .hbmk/win/mingw/LKPFUNC.o .hbmk/win/mingw/MCR.o .hbmk/win/mingw/MENU1.o .hbmk/win/mingw/MENU2.o .hbmk/win/mingw/MENU3.o .hbmk/win/mingw/NOSFUNC.o .hbmk/win/mingw/OPEN_DRW.o .hbmk/win/mingw/PARA.o .hbmk/win/mingw/PCGFUNC.o .hbmk/win/mingw/PDEPT18.o .hbmk/win/mingw/PGROUP18.o .hbmk/win/mingw/PGROUP28.o .hbmk/win/mingw/PL1FUNC.o .hbmk/win/mingw/PL2FUNC.o .hbmk/win/mingw/PLUFUNC.o .hbmk/win/mingw/POFUNC.o .hbmk/win/mingw/PPLUK18.o .hbmk/win/mingw/PRDMF.o .hbmk/win/mingw/PROMOSI.o .hbmk/win/mingw/QTYFUNC.o .hbmk/win/mingw/R1.o .hbmk/win/mingw/RAFUNC.o .hbmk/win/mingw/RCAP28.o .hbmk/win/mingw/REINDEX.o .hbmk/win/mingw/RESTTRF.o .hbmk/win/mingw/RPCLAS1.o .hbmk/win/mingw/RPCLAS2.o .hbmk/win/mingw/RPDEPT1.o .hbmk/win/mingw/RPDEPT2.o .hbmk/win/mingw/RPDEPT28.o .hbmk/win/mingw/RPGRP1.o .hbmk/win/mingw/RPGRP2.o .hbmk/win/mingw/RPLU1.o .hbmk/win/mingw/RPLU2.o .hbmk/win/mingw/RPPLU1.o .hbmk/win/mingw/RPPLUC1.o .hbmk/win/mingw/RPPLUC2.o .hbmk/win/mingw/RPSKU.o .hbmk/win/mingw/RPSKU28.o .hbmk/win/mingw/RPTFUNC.o .hbmk/win/mingw/RTNFUNC.o .hbmk/win/mingw/RUMUS.o .hbmk/win/mingw/R_ALL.o .hbmk/win/mingw/R_C.o .hbmk/win/mingw/R_C18.o .hbmk/win/mingw/R_F.o .hbmk/win/mingw/R_F18.o .hbmk/win/mingw/R_H.o .hbmk/win/mingw/R_H18.o .hbmk/win/mingw/R_PO28.o .hbmk/win/mingw/R_S.o .hbmk/win/mingw/R_S18.o .hbmk/win/mingw/SALES.o .hbmk/win/mingw/SBTFUNC.o .hbmk/win/mingw/SCANKEY.o .hbmk/win/mingw/SFKC.o .hbmk/win/mingw/STDAMT.o .hbmk/win/mingw/STDFUNC.o .hbmk/win/mingw/STDRIM.o .hbmk/win/mingw/STL.o .hbmk/win/mingw/STOCKCRD.o .hbmk/win/mingw/TAXFUNC.o .hbmk/win/mingw/TEXT.o .hbmk/win/mingw/TXTFUNC.o .hbmk/win/mingw/VIEWTRN.o .hbmk/win/mingw/VIPFUNC.o .hbmk/win/mingw/VLDFUNC.o .hbmk/win/mingw/VODFUNC.o .hbmk/win/mingw/XMENU.o .hbmk/win/mingw/XREF.o .hbmk/win/mingw/_hbmkaut_Main.o D:/afr/posharbour/poshmg/_temp.o    -mwindows -Wl,--start-group -lhmg -lcrypt -ledit -leditex -lgraph -lini -lreport -lhfcl -lmsvfw32 -lvfw32 -lhbct -lhbwin -lhbmzip -lminizip -lhbmemio -lhbmisc -lhbmysql -lmysql -lhbtip -lsqlite3 -lhbsqlit3 -lsddodbc -lrddsql -lsddmy -lhbodbc -lodbc32 -lhbhpdf -lhbfimage -lhbpgsql -lhbnetio -lxhb -lpng -llibhpdf -lhbvpdf -lhbzebra -lhbextern -lhbdebug -lhbvmmt -lhbrtl -lhblang -lhbcpage -lgtcgi -lgtpca -lgtstd -lgtwin -lgtwvt -lgtgui -lhbrdd -lhbuddall -lhbusrrdd -lrddntx -lrddcdx -lrddnsx -lrddfpt -lhbrdd -lhbhsx -lhbsix -lhbmacro -lhbcplr -lhbpp -lhbcommon -lhbmainwin -lkernel32 -luser32 -lgdi32 -ladvapi32 -lws2_32 -liphlpapi -lwinspool -lcomctl32 -lcomdlg32 -lshell32 -luuid -lole32 -loleaut32 -lmpr -lwinmm -lmapi32 -limm32 -lmsimg32 -lwininet -lhbpcre -lhbzlib   -Wl,--end-group -oposhmg.exe  -LC:/hmg.3.4.3/harbour/lib/win/mingw -LC:/hmg.3.4.3/lib

hbmk2: Error: Referenced, missing, but unknown function(s): LOCK_ON(),
       LOADFONT(), FONTLOAD(), FONTSELECT(), WMENUSET(), NETUSE(), KEYLOCK(),
       RECLOCK(), ADDREC(), INBYTE(), TLIGHT(), MUTER(), TKEY(), WOGROW(),
       FILLOCK(), C_R_ON(), C_R_OFF(), TABNEW(), TABDISPLAY(), TABUPDATE(),
       TXTCLOSE(), TXTVIEW(), TXTOPEN(), DISKREADYW(), DISKFREE(), DISKREADY(),
       DISPKOTAK(), OUTBYTE(), DISKSERNUM(), SCRAMBLE(), DIRCREATE(),
       CENTERIN(), BULAN(), CHGMENUS(), TDIR(), ALTKEY()
